$ wasm-pack build
[INFO]: 🎯  Checking for the Wasm target...
[INFO]: 🌀  Compiling to Wasm...
   Compiling unicode-ident v1.0.18
   Compiling proc-macro2 v1.0.101
   Compiling wasm-bindgen-shared v0.2.100
   Compiling log v0.4.27
   Compiling bumpalo v3.19.0
   Compiling rustversion v1.0.22
   Compiling wasm-bindgen v0.2.100
   Compiling cfg-if v1.0.3
   Compiling once_cell v1.21.3
   Compiling quote v1.0.40
   Compiling syn v2.0.106
   Compiling wasm-bindgen-backend v0.2.100
   Compiling wasm-bindgen-macro-support v0.2.100
   Compiling wasm-bindgen-macro v0.2.100
   Compiling console_error_panic_hook v0.1.7
   Compiling wasm-game-of-life v0.1.0 (/Users/bruce/projects/labs/wasm/rust/wasm-game-of-life)
warning: function `set_panic_hook` is never used
 --> src/utils.rs:1:8
  |
1 | pub fn set_panic_hook() {
  |        ^^^^^^^^^^^^^^
  |
  = note: `#[warn(dead_code)]` on by default

warning: `wasm-game-of-life` (lib) generated 1 warning
    Finished `release` profile [optimized] target(s) in 16.54s
[INFO]: ⬇️  Installing wasm-bindgen...
[INFO]: Optimizing wasm binaries with `wasm-opt`...
[parse exception: ElementType must be AnyFunc in MVP (at 0:147)]
Fatal: error in parsing input
Error: failed to execute `wasm-opt`: exited with exit status: 1
  full command: "/Users/bruce/Library/Caches/.wasm-pack/wasm-opt-a528729925722b63/wasm-opt" "/Users/bruce/projects/labs/wasm/rust/wasm-game-of-life/pkg/wasm_game_of_life_bg.wasm" "-o" "/Users/bruce/projects/labs/wasm/rust/wasm-game-of-life/pkg/wasm_game_of_life_bg.wasm-opt.wasm" "-O"
To disable `wasm-opt`, add `wasm-opt = false` to your package metadata in your `Cargo.toml`.